E:\课题学习\1-双棱镜及相关视觉理论\3-双目视觉软件\1-软件开发\BSV\BSV\DEBUG\BSV.EXE.EMBED.MANIFEST
E:\课题学习\1-双棱镜及相关视觉理论\3-双目视觉软件\1-软件开发\BSV\BSV\DEBUG\BSV.EXE.EMBED.MANIFEST.RES
E:\课题学习\1-双棱镜及相关视觉理论\3-双目视觉软件\1-软件开发\BSV\BSV\DEBUG\BSV.EXE.INTERMEDIATE.MANIFEST
E:\课题学习\1-双棱镜及相关视觉理论\3-双目视觉软件\1-软件开发\BSV\BSV\DEBUG\BSV.OBJ
E:\课题学习\1-双棱镜及相关视觉理论\3-双目视觉软件\1-软件开发\BSV\BSV\DEBUG\BSV.PCH
E:\课题学习\1-双棱镜及相关视觉理论\3-双目视觉软件\1-软件开发\BSV\BSV\DEBUG\BSV.RES
E:\课题学习\1-双棱镜及相关视觉理论\3-双目视觉软件\1-软件开发\BSV\BSV\Debug\BSV.vcxprojResolveAssemblyReference.cache
E:\课题学习\1-双棱镜及相关视觉理论\3-双目视觉软件\1-软件开发\BSV\BSV\Debug\BSV.write.1.tlog
E:\课题学习\1-双棱镜及相关视觉理论\3-双目视觉软件\1-软件开发\BSV\BSV\Debug\BSV_manifest.rc
E:\课题学习\1-双棱镜及相关视觉理论\3-双目视觉软件\1-软件开发\BSV\BSV\DEBUG\BSVDLG.OBJ
E:\课题学习\1-双棱镜及相关视觉理论\3-双目视觉软件\1-软件开发\BSV\BSV\DEBUG\CALI_PARADLG.OBJ
E:\课题学习\1-双棱镜及相关视觉理论\3-双目视觉软件\1-软件开发\BSV\BSV\DEBUG\CHILDDIALOG1.OBJ
E:\课题学习\1-双棱镜及相关视觉理论\3-双目视觉软件\1-软件开发\BSV\BSV\DEBUG\CHILDDLG1.OBJ
E:\课题学习\1-双棱镜及相关视觉理论\3-双目视觉软件\1-软件开发\BSV\BSV\DEBUG\CHILDDLG2.OBJ
E:\课题学习\1-双棱镜及相关视觉理论\3-双目视觉软件\1-软件开发\BSV\BSV\DEBUG\CHILDDLG3.OBJ
E:\课题学习\1-双棱镜及相关视觉理论\3-双目视觉软件\1-软件开发\BSV\BSV\DEBUG\CIRCLECALIBRATION.OBJ
E:\课题学习\1-双棱镜及相关视觉理论\3-双目视觉软件\1-软件开发\BSV\BSV\Debug\cl.command.1.tlog
E:\课题学习\1-双棱镜及相关视觉理论\3-双目视觉软件\1-软件开发\BSV\BSV\Debug\CL.read.1.tlog
E:\课题学习\1-双棱镜及相关视觉理论\3-双目视觉软件\1-软件开发\BSV\BSV\Debug\CL.write.1.tlog
E:\课题学习\1-双棱镜及相关视觉理论\3-双目视觉软件\1-软件开发\BSV\BSV\DEBUG\GLOBAL.OBJ
E:\课题学习\1-双棱镜及相关视觉理论\3-双目视觉软件\1-软件开发\BSV\BSV\Debug\link.6880.read.1.tlog
E:\课题学习\1-双棱镜及相关视觉理论\3-双目视觉软件\1-软件开发\BSV\BSV\Debug\link.6880.write.1.tlog
E:\课题学习\1-双棱镜及相关视觉理论\3-双目视觉软件\1-软件开发\BSV\BSV\Debug\link.6880-cvtres.read.1.tlog
E:\课题学习\1-双棱镜及相关视觉理论\3-双目视觉软件\1-软件开发\BSV\BSV\Debug\link.6880-cvtres.write.1.tlog
E:\课题学习\1-双棱镜及相关视觉理论\3-双目视觉软件\1-软件开发\BSV\BSV\Debug\link.command.1.tlog
E:\课题学习\1-双棱镜及相关视觉理论\3-双目视觉软件\1-软件开发\BSV\BSV\Debug\link.read.1.tlog
E:\课题学习\1-双棱镜及相关视觉理论\3-双目视觉软件\1-软件开发\BSV\BSV\Debug\link.write.1.tlog
E:\课题学习\1-双棱镜及相关视觉理论\3-双目视觉软件\1-软件开发\BSV\BSV\Debug\link-cvtres.read.1.tlog
E:\课题学习\1-双棱镜及相关视觉理论\3-双目视觉软件\1-软件开发\BSV\BSV\Debug\link-cvtres.write.1.tlog
E:\课题学习\1-双棱镜及相关视觉理论\3-双目视觉软件\1-软件开发\BSV\BSV\Debug\mt.command.1.tlog
E:\课题学习\1-双棱镜及相关视觉理论\3-双目视觉软件\1-软件开发\BSV\BSV\Debug\mt.read.1.tlog
E:\课题学习\1-双棱镜及相关视觉理论\3-双目视觉软件\1-软件开发\BSV\BSV\Debug\mt.write.1.tlog
E:\课题学习\1-双棱镜及相关视觉理论\3-双目视觉软件\1-软件开发\BSV\BSV\DEBUG\POINTCLOUDANALYZER.OBJ
E:\课题学习\1-双棱镜及相关视觉理论\3-双目视觉软件\1-软件开发\BSV\BSV\Debug\rc.command.1.tlog
E:\课题学习\1-双棱镜及相关视觉理论\3-双目视觉软件\1-软件开发\BSV\BSV\Debug\rc.read.1.tlog
E:\课题学习\1-双棱镜及相关视觉理论\3-双目视觉软件\1-软件开发\BSV\BSV\Debug\rc.write.1.tlog
E:\课题学习\1-双棱镜及相关视觉理论\3-双目视觉软件\1-软件开发\BSV\BSV\DEBUG\STDAFX.OBJ
E:\课题学习\1-双棱镜及相关视觉理论\3-双目视觉软件\1-软件开发\BSV\BSV\DEBUG\STEREO.OBJ
E:\课题学习\1-双棱镜及相关视觉理论\3-双目视觉软件\1-软件开发\BSV\BSV\DEBUG\STEREOMATCH.OBJ
E:\课题学习\1-双棱镜及相关视觉理论\3-双目视觉软件\1-软件开发\BSV\BSV\Debug\vc100.idb
E:\课题学习\1-双棱镜及相关视觉理论\3-双目视觉软件\1-软件开发\BSV\BSV\DEBUG\VC100.PDB
E:\课题学习\1-双棱镜及相关视觉理论\3-双目视觉软件\1-软件开发\BSV\DEBUG\BSV.EXE
E:\课题学习\1-双棱镜及相关视觉理论\3-双目视觉软件\1-软件开发\BSV\DEBUG\BSV.ILK
E:\课题学习\1-双棱镜及相关视觉理论\3-双目视觉软件\1-软件开发\BSV\DEBUG\BSV.PDB
