生成启动时间为 2018/11/22 20:16:49。
     1>项目“E:\课题学习\1-双棱镜及相关视觉理论\3-双目视觉软件\1-软件开发\BSV\BSV\BSV.vcxproj”在节点 2 上(build 个目标)。
     1>InitializeBuildStatus:
         正在创建“Debug\BSV.unsuccessfulbuild”，因为已指定“AlwaysCreate”。
       ClCompile:
         所有输出均为最新。
         D:\Program Files (x86)\Microsoft Visual Studio 10.0\VC\bin\CL.exe /c /ZI /nologo /W3 /WX- /Od /Oy- /D WIN32 /D _WINDOWS /D _DEBUG /D _MBCS /Gm /EHsc /RTC1 /MTd /GS /fp:precise /Zc:wchar_t /Zc:forScope /Yu"StdAfx.h" /Fp"Debug\BSV.pch" /Fo"Debug\\" /Fd"Debug\vc100.pdb" /Gd /TP /analyze- /errorReport:prompt CircleCalibration.cpp
         CircleCalibration.cpp
     1>e:\课题学习\1-双棱镜及相关视觉理论\3-双目视觉软件\1-软件开发\bsv\bsv\featuredetect.h(66): warning C4091: “typedef ”: 没有声明变量时忽略“Blob”的左侧
     1>e:\课题学习\1-双棱镜及相关视觉理论\3-双目视觉软件\1-软件开发\bsv\bsv\circlecalibration.cpp(68): warning C4244: “=”: 从“double”转换到“float”，可能丢失数据
     1>e:\课题学习\1-双棱镜及相关视觉理论\3-双目视觉软件\1-软件开发\bsv\bsv\circlecalibration.cpp(69): warning C4244: “=”: 从“double”转换到“float”，可能丢失数据
     1>e:\课题学习\1-双棱镜及相关视觉理论\3-双目视觉软件\1-软件开发\bsv\bsv\circlecalibration.cpp(97): warning C4244: “=”: 从“double”转换到“float”，可能丢失数据
     1>e:\课题学习\1-双棱镜及相关视觉理论\3-双目视觉软件\1-软件开发\bsv\bsv\circlecalibration.cpp(98): warning C4244: “=”: 从“double”转换到“float”，可能丢失数据
     1>e:\课题学习\1-双棱镜及相关视觉理论\3-双目视觉软件\1-软件开发\bsv\bsv\circlecalibration.cpp(124): warning C4244: “参数”: 从“double”转换到“int”，可能丢失数据
     1>e:\课题学习\1-双棱镜及相关视觉理论\3-双目视觉软件\1-软件开发\bsv\bsv\circlecalibration.cpp(124): warning C4244: “参数”: 从“double”转换到“int”，可能丢失数据
     1>e:\课题学习\1-双棱镜及相关视觉理论\3-双目视觉软件\1-软件开发\bsv\bsv\circlecalibration.cpp(142): warning C4244: “=”: 从“int”转换到“float”，可能丢失数据
     1>e:\课题学习\1-双棱镜及相关视觉理论\3-双目视觉软件\1-软件开发\bsv\bsv\circlecalibration.cpp(143): warning C4244: “=”: 从“int”转换到“float”，可能丢失数据
     1>e:\课题学习\1-双棱镜及相关视觉理论\3-双目视觉软件\1-软件开发\bsv\bsv\circlecalibration.cpp(172): warning C4018: “<”: 有符号/无符号不匹配
     1>e:\课题学习\1-双棱镜及相关视觉理论\3-双目视觉软件\1-软件开发\bsv\bsv\circlecalibration.cpp(326): warning C4244: “参数”: 从“double”转换到“int”，可能丢失数据
     1>e:\课题学习\1-双棱镜及相关视觉理论\3-双目视觉软件\1-软件开发\bsv\bsv\circlecalibration.cpp(328): warning C4244: “参数”: 从“double”转换到“int”，可能丢失数据
     1>e:\课题学习\1-双棱镜及相关视觉理论\3-双目视觉软件\1-软件开发\bsv\bsv\circlecalibration.cpp(328): warning C4244: “参数”: 从“double”转换到“int”，可能丢失数据
     1>e:\课题学习\1-双棱镜及相关视觉理论\3-双目视觉软件\1-软件开发\bsv\bsv\circlecalibration.cpp(330): warning C4244: “参数”: 从“double”转换到“int”，可能丢失数据
     1>e:\课题学习\1-双棱镜及相关视觉理论\3-双目视觉软件\1-软件开发\bsv\bsv\circlecalibration.cpp(330): warning C4244: “参数”: 从“double”转换到“int”，可能丢失数据
     1>e:\课题学习\1-双棱镜及相关视觉理论\3-双目视觉软件\1-软件开发\bsv\bsv\circlecalibration.cpp(330): warning C4244: “参数”: 从“double”转换到“int”，可能丢失数据
     1>e:\课题学习\1-双棱镜及相关视觉理论\3-双目视觉软件\1-软件开发\bsv\bsv\circlecalibration.cpp(390): warning C4244: “=”: 从“float”转换到“int”，可能丢失数据
     1>e:\课题学习\1-双棱镜及相关视觉理论\3-双目视觉软件\1-软件开发\bsv\bsv\circlecalibration.cpp(468): warning C4244: “=”: 从“float”转换到“int”，可能丢失数据
     1>e:\课题学习\1-双棱镜及相关视觉理论\3-双目视觉软件\1-软件开发\bsv\bsv\circlecalibration.cpp(471): warning C4244: “=”: 从“float”转换到“int”，可能丢失数据
     1>e:\课题学习\1-双棱镜及相关视觉理论\3-双目视觉软件\1-软件开发\bsv\bsv\circlecalibration.cpp(477): warning C4244: “=”: 从“float”转换到“int”，可能丢失数据
     1>e:\课题学习\1-双棱镜及相关视觉理论\3-双目视觉软件\1-软件开发\bsv\bsv\circlecalibration.cpp(485): warning C4244: “=”: 从“float”转换到“int”，可能丢失数据
     1>e:\课题学习\1-双棱镜及相关视觉理论\3-双目视觉软件\1-软件开发\bsv\bsv\circlecalibration.cpp(511): warning C4244: “=”: 从“float”转换到“int”，可能丢失数据
     1>e:\课题学习\1-双棱镜及相关视觉理论\3-双目视觉软件\1-软件开发\bsv\bsv\circlecalibration.cpp(520): warning C4244: “=”: 从“float”转换到“int”，可能丢失数据
     1>e:\课题学习\1-双棱镜及相关视觉理论\3-双目视觉软件\1-软件开发\bsv\bsv\circlecalibration.cpp(538): warning C4244: “=”: 从“float”转换到“int”，可能丢失数据
     1>e:\课题学习\1-双棱镜及相关视觉理论\3-双目视觉软件\1-软件开发\bsv\bsv\circlecalibration.cpp(611): warning C4244: “=”: 从“double”转换到“long”，可能丢失数据
     1>e:\课题学习\1-双棱镜及相关视觉理论\3-双目视觉软件\1-软件开发\bsv\bsv\circlecalibration.cpp(612): warning C4244: “=”: 从“double”转换到“long”，可能丢失数据
       ResourceCompile:
         所有输出均为最新。
       ManifestResourceCompile:
         所有输出均为最新。
       Link:
         D:\Program Files (x86)\Microsoft Visual Studio 10.0\VC\bin\link.exe /ERRORREPORT:PROMPT /OUT:"E:\课题学习\1-双棱镜及相关视觉理论\3-双目视觉软件\1-软件开发\BSV\Debug\BSV.exe" /INCREMENTAL /NOLOGO MVGigE.lib vfw32.lib comctl32.lib zlib.lib libjasper.lib libjpeg.lib libpng.lib libtiff.lib IlmImfd.lib opencv_calib3d2410d.lib opencv_contrib2410d.lib opencv_features2d2410d.lib opencv_core2410d.lib opencv_flann2410d.lib opencv_gpu2410d.lib opencv_highgui2410d.lib opencv_imgproc2410d.lib opencv_legacy2410d.lib opencv_ml2410d.lib opencv_nonfree2410d.lib opencv_objdetect2410d.lib opencv_ocl2410d.lib opencv_photo2410d.lib opencv_stitching2410d.lib opencv_superres2410d.lib opencv_ts2410d.lib opencv_video2410d.lib opencv_videostab2410d.lib /MANIFEST /ManifestFile:"Debug\BSV.exe.intermediate.manifest" /MANIFESTUAC:"level='asInvoker' uiAccess='false'" /DEBUG /PDB:"E:\课题学习\1-双棱镜及相关视觉理论\3-双目视觉软件\1-软件开发\BSV\Debug\BSV.pdb" /SUBSYSTEM:WINDOWS /TLBID:1 /DYNAMICBASE /NXCOMPAT /IMPLIB:"E:\课题学习\1-双棱镜及相关视觉理论\3-双目视觉软件\1-软件开发\BSV\Debug\BSV.lib" /MACHINE:X86 Debug\BSV.res
         Debug\BSV.exe.embed.manifest.res
         Debug\BSV.obj
         Debug\BSVDlg.obj
         Debug\Cali_ParaDlg.obj
         Debug\ChildDialog1.obj
         Debug\ChildDlg1.obj
         Debug\ChildDlg2.obj
         Debug\ChildDlg3.obj
         Debug\CircleCalibration.obj
         Debug\PointCloudAnalyzer.obj
         Debug\stdafx.obj
         Debug\Stereo.obj
         Debug\StereoMatch.obj
         Debug\global.obj
       Manifest:
         C:\Program Files (x86)\Microsoft SDKs\Windows\v7.0A\bin\mt.exe /nologo /verbose /out:"Debug\BSV.exe.embed.manifest" /manifest Debug\BSV.exe.intermediate.manifest "D:\Program Files (x86)\Microsoft Visual Studio 10.0\VC\Include\Manifest\dpiaware.manifest"
         所有输出均为最新。
       LinkEmbedManifest:
         所有输出均为最新。
         BSV.vcxproj -> E:\课题学习\1-双棱镜及相关视觉理论\3-双目视觉软件\1-软件开发\BSV\Debug\BSV.exe
       FinalizeBuildStatus:
         正在删除文件“Debug\BSV.unsuccessfulbuild”。
         正在对“Debug\BSV.lastbuildstate”执行 Touch 任务。
     1>已完成生成项目“E:\课题学习\1-双棱镜及相关视觉理论\3-双目视觉软件\1-软件开发\BSV\BSV\BSV.vcxproj”(build 个目标)的操作。

生成成功。

已用时间 00:00:25.03
